[2018-01-04 18:31:53] lumen.ERROR: Symfony\Component\Debug\Exception\FatalThrowableError: Class 'Memcached' not found in /home/latourrette/Sites/engsoft/vendor/illuminate/cache/MemcachedConnector.php:69
Stack trace:
#0 /home/latourrette/Sites/engsoft/vendor/illuminate/cache/MemcachedConnector.php(48): Illuminate\Cache\MemcachedConnector->createMemcachedInstance(NULL)
#1 /home/latourrette/Sites/engsoft/vendor/illuminate/cache/MemcachedConnector.php(21): Illuminate\Cache\MemcachedConnector->getMemcached(NULL, Array, Array)
#2 /home/latourrette/Sites/engsoft/vendor/illuminate/cache/CacheManager.php(171): Illuminate\Cache\MemcachedConnector->connect(Array, NULL, Array, Array)
#3 /home/latourrette/Sites/engsoft/vendor/illuminate/cache/CacheManager.php(105): Illuminate\Cache\CacheManager->createMemcachedDriver(Array)
#4 /home/latourrette/Sites/engsoft/vendor/illuminate/cache/CacheManager.php(80): Illuminate\Cache\CacheManager->resolve('memcached')
#5 /home/latourrette/Sites/engsoft/vendor/illuminate/cache/CacheManager.php(58): Illuminate\Cache\CacheManager->get('memcached')
#6 /home/latourrette/Sites/engsoft/vendor/illuminate/cache/CacheManager.php(69): Illuminate\Cache\CacheManager->store('memcached')
#7 /home/latourrette/Sites/engsoft/vendor/illuminate/cache/CacheServiceProvider.php(28): Illuminate\Cache\CacheManager->driver()
#8 /home/latourrette/Sites/engsoft/vendor/illuminate/container/Container.php(749): Illuminate\Cache\CacheServiceProvider->Illuminate\Cache\{closure}(Object(Laravel\Lumen\Application), Array)
#9 /home/latourrette/Sites/engsoft/vendor/illuminate/container/Container.php(631): Illuminate\Container\Container->build(Object(Closure))
#10 /home/latourrette/Sites/engsoft/vendor/illuminate/container/Container.php(586): Illuminate\Container\Container->resolve('cache.store', Array)
#11 /home/latourrette/Sites/engsoft/vendor/laravel/lumen-framework/src/Application.php(230): Illuminate\Container\Container->make('cache.store', Array)
#12 /home/latourrette/Sites/engsoft/vendor/illuminate/container/Container.php(1195): Laravel\Lumen\Application->make('cache.store')
#13 /home/latourrette/Sites/engsoft/vendor/laravel/lumen-framework/src/Console/Kernel.php(68): Illuminate\Container\Container->offsetGet('Illuminate\\Cont...')
#14 /home/latourrette/Sites/engsoft/vendor/laravel/lumen-framework/src/Console/Kernel.php(57): Laravel\Lumen\Console\Kernel->defineConsoleSchedule()
#15 [internal function]: Laravel\Lumen\Console\Kernel->__construct(Object(Laravel\Lumen\Application))
#16 /home/latourrette/Sites/engsoft/vendor/illuminate/container/Container.php(785): ReflectionClass->newInstanceArgs(Array)
#17 /home/latourrette/Sites/engsoft/vendor/illuminate/container/Container.php(631): Illuminate\Container\Container->build('App\\Console\\Ker...')
#18 /home/latourrette/Sites/engsoft/vendor/illuminate/container/Container.php(586): Illuminate\Container\Container->resolve('App\\Console\\Ker...', Array)
#19 /home/latourrette/Sites/engsoft/vendor/laravel/lumen-framework/src/Application.php(230): Illuminate\Container\Container->make('App\\Console\\Ker...', Array)
#20 /home/latourrette/Sites/engsoft/vendor/illuminate/container/Container.php(256): Laravel\Lumen\Application->make('App\\Console\\Ker...', Array)
#21 /home/latourrette/Sites/engsoft/vendor/illuminate/container/Container.php(749): Illuminate\Container\Container->Illuminate\Container\{closure}(Object(Laravel\Lumen\Application), Array)
#22 /home/latourrette/Sites/engsoft/vendor/illuminate/container/Container.php(631): Illuminate\Container\Container->build(Object(Closure))
#23 /home/latourrette/Sites/engsoft/vendor/illuminate/container/Container.php(586): Illuminate\Container\Container->resolve('Illuminate\\Cont...', Array)
#24 /home/latourrette/Sites/engsoft/vendor/laravel/lumen-framework/src/Application.php(230): Illuminate\Container\Container->make('Illuminate\\Cont...', Array)
#25 /home/latourrette/Sites/engsoft/artisan(32): Laravel\Lumen\Application->make('Illuminate\\Cont...')
#26 {main}  
[2018-01-04 18:45:08] lumen.ERROR: Symfony\Component\Debug\Exception\FatalThrowableError: Class 'Memcached' not found in /home/latourrette/Sites/engsoft/vendor/illuminate/cache/MemcachedConnector.php:69
Stack trace:
#0 /home/latourrette/Sites/engsoft/vendor/illuminate/cache/MemcachedConnector.php(48): Illuminate\Cache\MemcachedConnector->createMemcachedInstance(NULL)
#1 /home/latourrette/Sites/engsoft/vendor/illuminate/cache/MemcachedConnector.php(21): Illuminate\Cache\MemcachedConnector->getMemcached(NULL, Array, Array)
#2 /home/latourrette/Sites/engsoft/vendor/illuminate/cache/CacheManager.php(171): Illuminate\Cache\MemcachedConnector->connect(Array, NULL, Array, Array)
#3 /home/latourrette/Sites/engsoft/vendor/illuminate/cache/CacheManager.php(105): Illuminate\Cache\CacheManager->createMemcachedDriver(Array)
#4 /home/latourrette/Sites/engsoft/vendor/illuminate/cache/CacheManager.php(80): Illuminate\Cache\CacheManager->resolve('memcached')
#5 /home/latourrette/Sites/engsoft/vendor/illuminate/cache/CacheManager.php(58): Illuminate\Cache\CacheManager->get('memcached')
#6 /home/latourrette/Sites/engsoft/vendor/illuminate/cache/CacheManager.php(69): Illuminate\Cache\CacheManager->store('memcached')
#7 /home/latourrette/Sites/engsoft/vendor/illuminate/cache/CacheServiceProvider.php(28): Illuminate\Cache\CacheManager->driver()
#8 /home/latourrette/Sites/engsoft/vendor/illuminate/container/Container.php(749): Illuminate\Cache\CacheServiceProvider->Illuminate\Cache\{closure}(Object(Laravel\Lumen\Application), Array)
#9 /home/latourrette/Sites/engsoft/vendor/illuminate/container/Container.php(631): Illuminate\Container\Container->build(Object(Closure))
#10 /home/latourrette/Sites/engsoft/vendor/illuminate/container/Container.php(586): Illuminate\Container\Container->resolve('cache.store', Array)
#11 /home/latourrette/Sites/engsoft/vendor/laravel/lumen-framework/src/Application.php(230): Illuminate\Container\Container->make('cache.store', Array)
#12 /home/latourrette/Sites/engsoft/vendor/illuminate/container/Container.php(1195): Laravel\Lumen\Application->make('cache.store')
#13 /home/latourrette/Sites/engsoft/vendor/laravel/lumen-framework/src/Console/Kernel.php(68): Illuminate\Container\Container->offsetGet('Illuminate\\Cont...')
#14 /home/latourrette/Sites/engsoft/vendor/laravel/lumen-framework/src/Console/Kernel.php(57): Laravel\Lumen\Console\Kernel->defineConsoleSchedule()
#15 [internal function]: Laravel\Lumen\Console\Kernel->__construct(Object(Laravel\Lumen\Application))
#16 /home/latourrette/Sites/engsoft/vendor/illuminate/container/Container.php(785): ReflectionClass->newInstanceArgs(Array)
#17 /home/latourrette/Sites/engsoft/vendor/illuminate/container/Container.php(631): Illuminate\Container\Container->build('App\\Console\\Ker...')
#18 /home/latourrette/Sites/engsoft/vendor/illuminate/container/Container.php(586): Illuminate\Container\Container->resolve('App\\Console\\Ker...', Array)
#19 /home/latourrette/Sites/engsoft/vendor/laravel/lumen-framework/src/Application.php(230): Illuminate\Container\Container->make('App\\Console\\Ker...', Array)
#20 /home/latourrette/Sites/engsoft/vendor/illuminate/container/Container.php(256): Laravel\Lumen\Application->make('App\\Console\\Ker...', Array)
#21 /home/latourrette/Sites/engsoft/vendor/illuminate/container/Container.php(749): Illuminate\Container\Container->Illuminate\Container\{closure}(Object(Laravel\Lumen\Application), Array)
#22 /home/latourrette/Sites/engsoft/vendor/illuminate/container/Container.php(631): Illuminate\Container\Container->build(Object(Closure))
#23 /home/latourrette/Sites/engsoft/vendor/illuminate/container/Container.php(586): Illuminate\Container\Container->resolve('Illuminate\\Cont...', Array)
#24 /home/latourrette/Sites/engsoft/vendor/laravel/lumen-framework/src/Application.php(230): Illuminate\Container\Container->make('Illuminate\\Cont...', Array)
#25 /home/latourrette/Sites/engsoft/artisan(32): Laravel\Lumen\Application->make('Illuminate\\Cont...')
#26 {main}  
[2018-01-04 18:47:33] lumen.ERROR: Symfony\Component\Debug\Exception\FatalThrowableError: Class 'Memcached' not found in /home/latourrette/Sites/engsoft/vendor/illuminate/cache/MemcachedConnector.php:69
Stack trace:
#0 /home/latourrette/Sites/engsoft/vendor/illuminate/cache/MemcachedConnector.php(48): Illuminate\Cache\MemcachedConnector->createMemcachedInstance(NULL)
#1 /home/latourrette/Sites/engsoft/vendor/illuminate/cache/MemcachedConnector.php(21): Illuminate\Cache\MemcachedConnector->getMemcached(NULL, Array, Array)
#2 /home/latourrette/Sites/engsoft/vendor/illuminate/cache/CacheManager.php(171): Illuminate\Cache\MemcachedConnector->connect(Array, NULL, Array, Array)
#3 /home/latourrette/Sites/engsoft/vendor/illuminate/cache/CacheManager.php(105): Illuminate\Cache\CacheManager->createMemcachedDriver(Array)
#4 /home/latourrette/Sites/engsoft/vendor/illuminate/cache/CacheManager.php(80): Illuminate\Cache\CacheManager->resolve('memcached')
#5 /home/latourrette/Sites/engsoft/vendor/illuminate/cache/CacheManager.php(58): Illuminate\Cache\CacheManager->get('memcached')
#6 /home/latourrette/Sites/engsoft/vendor/illuminate/cache/CacheManager.php(69): Illuminate\Cache\CacheManager->store('memcached')
#7 /home/latourrette/Sites/engsoft/vendor/illuminate/cache/CacheServiceProvider.php(28): Illuminate\Cache\CacheManager->driver()
#8 /home/latourrette/Sites/engsoft/vendor/illuminate/container/Container.php(749): Illuminate\Cache\CacheServiceProvider->Illuminate\Cache\{closure}(Object(Laravel\Lumen\Application), Array)
#9 /home/latourrette/Sites/engsoft/vendor/illuminate/container/Container.php(631): Illuminate\Container\Container->build(Object(Closure))
#10 /home/latourrette/Sites/engsoft/vendor/illuminate/container/Container.php(586): Illuminate\Container\Container->resolve('cache.store', Array)
#11 /home/latourrette/Sites/engsoft/vendor/laravel/lumen-framework/src/Application.php(230): Illuminate\Container\Container->make('cache.store', Array)
#12 /home/latourrette/Sites/engsoft/vendor/illuminate/container/Container.php(1195): Laravel\Lumen\Application->make('cache.store')
#13 /home/latourrette/Sites/engsoft/vendor/laravel/lumen-framework/src/Console/Kernel.php(68): Illuminate\Container\Container->offsetGet('Illuminate\\Cont...')
#14 /home/latourrette/Sites/engsoft/vendor/laravel/lumen-framework/src/Console/Kernel.php(57): Laravel\Lumen\Console\Kernel->defineConsoleSchedule()
#15 [internal function]: Laravel\Lumen\Console\Kernel->__construct(Object(Laravel\Lumen\Application))
#16 /home/latourrette/Sites/engsoft/vendor/illuminate/container/Container.php(785): ReflectionClass->newInstanceArgs(Array)
#17 /home/latourrette/Sites/engsoft/vendor/illuminate/container/Container.php(631): Illuminate\Container\Container->build('App\\Console\\Ker...')
#18 /home/latourrette/Sites/engsoft/vendor/illuminate/container/Container.php(586): Illuminate\Container\Container->resolve('App\\Console\\Ker...', Array)
#19 /home/latourrette/Sites/engsoft/vendor/laravel/lumen-framework/src/Application.php(230): Illuminate\Container\Container->make('App\\Console\\Ker...', Array)
#20 /home/latourrette/Sites/engsoft/vendor/illuminate/container/Container.php(256): Laravel\Lumen\Application->make('App\\Console\\Ker...', Array)
#21 /home/latourrette/Sites/engsoft/vendor/illuminate/container/Container.php(749): Illuminate\Container\Container->Illuminate\Container\{closure}(Object(Laravel\Lumen\Application), Array)
#22 /home/latourrette/Sites/engsoft/vendor/illuminate/container/Container.php(631): Illuminate\Container\Container->build(Object(Closure))
#23 /home/latourrette/Sites/engsoft/vendor/illuminate/container/Container.php(586): Illuminate\Container\Container->resolve('Illuminate\\Cont...', Array)
#24 /home/latourrette/Sites/engsoft/vendor/laravel/lumen-framework/src/Application.php(230): Illuminate\Container\Container->make('Illuminate\\Cont...', Array)
#25 /home/latourrette/Sites/engsoft/artisan(32): Laravel\Lumen\Application->make('Illuminate\\Cont...')
#26 {main}  
[2018-01-04 18:47:39] lumen.ERROR: Symfony\Component\Debug\Exception\FatalThrowableError: Class 'Memcached' not found in /home/latourrette/Sites/engsoft/vendor/illuminate/cache/MemcachedConnector.php:69
Stack trace:
#0 /home/latourrette/Sites/engsoft/vendor/illuminate/cache/MemcachedConnector.php(48): Illuminate\Cache\MemcachedConnector->createMemcachedInstance(NULL)
#1 /home/latourrette/Sites/engsoft/vendor/illuminate/cache/MemcachedConnector.php(21): Illuminate\Cache\MemcachedConnector->getMemcached(NULL, Array, Array)
#2 /home/latourrette/Sites/engsoft/vendor/illuminate/cache/CacheManager.php(171): Illuminate\Cache\MemcachedConnector->connect(Array, NULL, Array, Array)
#3 /home/latourrette/Sites/engsoft/vendor/illuminate/cache/CacheManager.php(105): Illuminate\Cache\CacheManager->createMemcachedDriver(Array)
#4 /home/latourrette/Sites/engsoft/vendor/illuminate/cache/CacheManager.php(80): Illuminate\Cache\CacheManager->resolve('memcached')
#5 /home/latourrette/Sites/engsoft/vendor/illuminate/cache/CacheManager.php(58): Illuminate\Cache\CacheManager->get('memcached')
#6 /home/latourrette/Sites/engsoft/vendor/illuminate/cache/CacheManager.php(69): Illuminate\Cache\CacheManager->store('memcached')
#7 /home/latourrette/Sites/engsoft/vendor/illuminate/cache/CacheServiceProvider.php(28): Illuminate\Cache\CacheManager->driver()
#8 /home/latourrette/Sites/engsoft/vendor/illuminate/container/Container.php(749): Illuminate\Cache\CacheServiceProvider->Illuminate\Cache\{closure}(Object(Laravel\Lumen\Application), Array)
#9 /home/latourrette/Sites/engsoft/vendor/illuminate/container/Container.php(631): Illuminate\Container\Container->build(Object(Closure))
#10 /home/latourrette/Sites/engsoft/vendor/illuminate/container/Container.php(586): Illuminate\Container\Container->resolve('cache.store', Array)
#11 /home/latourrette/Sites/engsoft/vendor/laravel/lumen-framework/src/Application.php(230): Illuminate\Container\Container->make('cache.store', Array)
#12 /home/latourrette/Sites/engsoft/vendor/illuminate/container/Container.php(1195): Laravel\Lumen\Application->make('cache.store')
#13 /home/latourrette/Sites/engsoft/vendor/laravel/lumen-framework/src/Console/Kernel.php(68): Illuminate\Container\Container->offsetGet('Illuminate\\Cont...')
#14 /home/latourrette/Sites/engsoft/vendor/laravel/lumen-framework/src/Console/Kernel.php(57): Laravel\Lumen\Console\Kernel->defineConsoleSchedule()
#15 [internal function]: Laravel\Lumen\Console\Kernel->__construct(Object(Laravel\Lumen\Application))
#16 /home/latourrette/Sites/engsoft/vendor/illuminate/container/Container.php(785): ReflectionClass->newInstanceArgs(Array)
#17 /home/latourrette/Sites/engsoft/vendor/illuminate/container/Container.php(631): Illuminate\Container\Container->build('App\\Console\\Ker...')
#18 /home/latourrette/Sites/engsoft/vendor/illuminate/container/Container.php(586): Illuminate\Container\Container->resolve('App\\Console\\Ker...', Array)
#19 /home/latourrette/Sites/engsoft/vendor/laravel/lumen-framework/src/Application.php(230): Illuminate\Container\Container->make('App\\Console\\Ker...', Array)
#20 /home/latourrette/Sites/engsoft/vendor/illuminate/container/Container.php(256): Laravel\Lumen\Application->make('App\\Console\\Ker...', Array)
#21 /home/latourrette/Sites/engsoft/vendor/illuminate/container/Container.php(749): Illuminate\Container\Container->Illuminate\Container\{closure}(Object(Laravel\Lumen\Application), Array)
#22 /home/latourrette/Sites/engsoft/vendor/illuminate/container/Container.php(631): Illuminate\Container\Container->build(Object(Closure))
#23 /home/latourrette/Sites/engsoft/vendor/illuminate/container/Container.php(586): Illuminate\Container\Container->resolve('Illuminate\\Cont...', Array)
#24 /home/latourrette/Sites/engsoft/vendor/laravel/lumen-framework/src/Application.php(230): Illuminate\Container\Container->make('Illuminate\\Cont...', Array)
#25 /home/latourrette/Sites/engsoft/artisan(32): Laravel\Lumen\Application->make('Illuminate\\Cont...')
#26 {main}  
[2018-01-04 18:47:40] lumen.ERROR: Symfony\Component\Debug\Exception\FatalThrowableError: Class 'Memcached' not found in /home/latourrette/Sites/engsoft/vendor/illuminate/cache/MemcachedConnector.php:69
Stack trace:
#0 /home/latourrette/Sites/engsoft/vendor/illuminate/cache/MemcachedConnector.php(48): Illuminate\Cache\MemcachedConnector->createMemcachedInstance(NULL)
#1 /home/latourrette/Sites/engsoft/vendor/illuminate/cache/MemcachedConnector.php(21): Illuminate\Cache\MemcachedConnector->getMemcached(NULL, Array, Array)
#2 /home/latourrette/Sites/engsoft/vendor/illuminate/cache/CacheManager.php(171): Illuminate\Cache\MemcachedConnector->connect(Array, NULL, Array, Array)
#3 /home/latourrette/Sites/engsoft/vendor/illuminate/cache/CacheManager.php(105): Illuminate\Cache\CacheManager->createMemcachedDriver(Array)
#4 /home/latourrette/Sites/engsoft/vendor/illuminate/cache/CacheManager.php(80): Illuminate\Cache\CacheManager->resolve('memcached')
#5 /home/latourrette/Sites/engsoft/vendor/illuminate/cache/CacheManager.php(58): Illuminate\Cache\CacheManager->get('memcached')
#6 /home/latourrette/Sites/engsoft/vendor/illuminate/cache/CacheManager.php(69): Illuminate\Cache\CacheManager->store('memcached')
#7 /home/latourrette/Sites/engsoft/vendor/illuminate/cache/CacheServiceProvider.php(28): Illuminate\Cache\CacheManager->driver()
#8 /home/latourrette/Sites/engsoft/vendor/illuminate/container/Container.php(749): Illuminate\Cache\CacheServiceProvider->Illuminate\Cache\{closure}(Object(Laravel\Lumen\Application), Array)
#9 /home/latourrette/Sites/engsoft/vendor/illuminate/container/Container.php(631): Illuminate\Container\Container->build(Object(Closure))
#10 /home/latourrette/Sites/engsoft/vendor/illuminate/container/Container.php(586): Illuminate\Container\Container->resolve('cache.store', Array)
#11 /home/latourrette/Sites/engsoft/vendor/laravel/lumen-framework/src/Application.php(230): Illuminate\Container\Container->make('cache.store', Array)
#12 /home/latourrette/Sites/engsoft/vendor/illuminate/container/Container.php(1195): Laravel\Lumen\Application->make('cache.store')
#13 /home/latourrette/Sites/engsoft/vendor/laravel/lumen-framework/src/Console/Kernel.php(68): Illuminate\Container\Container->offsetGet('Illuminate\\Cont...')
#14 /home/latourrette/Sites/engsoft/vendor/laravel/lumen-framework/src/Console/Kernel.php(57): Laravel\Lumen\Console\Kernel->defineConsoleSchedule()
#15 [internal function]: Laravel\Lumen\Console\Kernel->__construct(Object(Laravel\Lumen\Application))
#16 /home/latourrette/Sites/engsoft/vendor/illuminate/container/Container.php(785): ReflectionClass->newInstanceArgs(Array)
#17 /home/latourrette/Sites/engsoft/vendor/illuminate/container/Container.php(631): Illuminate\Container\Container->build('App\\Console\\Ker...')
#18 /home/latourrette/Sites/engsoft/vendor/illuminate/container/Container.php(586): Illuminate\Container\Container->resolve('App\\Console\\Ker...', Array)
#19 /home/latourrette/Sites/engsoft/vendor/laravel/lumen-framework/src/Application.php(230): Illuminate\Container\Container->make('App\\Console\\Ker...', Array)
#20 /home/latourrette/Sites/engsoft/vendor/illuminate/container/Container.php(256): Laravel\Lumen\Application->make('App\\Console\\Ker...', Array)
#21 /home/latourrette/Sites/engsoft/vendor/illuminate/container/Container.php(749): Illuminate\Container\Container->Illuminate\Container\{closure}(Object(Laravel\Lumen\Application), Array)
#22 /home/latourrette/Sites/engsoft/vendor/illuminate/container/Container.php(631): Illuminate\Container\Container->build(Object(Closure))
#23 /home/latourrette/Sites/engsoft/vendor/illuminate/container/Container.php(586): Illuminate\Container\Container->resolve('Illuminate\\Cont...', Array)
#24 /home/latourrette/Sites/engsoft/vendor/laravel/lumen-framework/src/Application.php(230): Illuminate\Container\Container->make('Illuminate\\Cont...', Array)
#25 /home/latourrette/Sites/engsoft/artisan(32): Laravel\Lumen\Application->make('Illuminate\\Cont...')
#26 {main}  
[2018-01-04 18:47:40] lumen.ERROR: Symfony\Component\Debug\Exception\FatalThrowableError: Class 'Memcached' not found in /home/latourrette/Sites/engsoft/vendor/illuminate/cache/MemcachedConnector.php:69
Stack trace:
#0 /home/latourrette/Sites/engsoft/vendor/illuminate/cache/MemcachedConnector.php(48): Illuminate\Cache\MemcachedConnector->createMemcachedInstance(NULL)
#1 /home/latourrette/Sites/engsoft/vendor/illuminate/cache/MemcachedConnector.php(21): Illuminate\Cache\MemcachedConnector->getMemcached(NULL, Array, Array)
#2 /home/latourrette/Sites/engsoft/vendor/illuminate/cache/CacheManager.php(171): Illuminate\Cache\MemcachedConnector->connect(Array, NULL, Array, Array)
#3 /home/latourrette/Sites/engsoft/vendor/illuminate/cache/CacheManager.php(105): Illuminate\Cache\CacheManager->createMemcachedDriver(Array)
#4 /home/latourrette/Sites/engsoft/vendor/illuminate/cache/CacheManager.php(80): Illuminate\Cache\CacheManager->resolve('memcached')
#5 /home/latourrette/Sites/engsoft/vendor/illuminate/cache/CacheManager.php(58): Illuminate\Cache\CacheManager->get('memcached')
#6 /home/latourrette/Sites/engsoft/vendor/illuminate/cache/CacheManager.php(69): Illuminate\Cache\CacheManager->store('memcached')
#7 /home/latourrette/Sites/engsoft/vendor/illuminate/cache/CacheServiceProvider.php(28): Illuminate\Cache\CacheManager->driver()
#8 /home/latourrette/Sites/engsoft/vendor/illuminate/container/Container.php(749): Illuminate\Cache\CacheServiceProvider->Illuminate\Cache\{closure}(Object(Laravel\Lumen\Application), Array)
#9 /home/latourrette/Sites/engsoft/vendor/illuminate/container/Container.php(631): Illuminate\Container\Container->build(Object(Closure))
#10 /home/latourrette/Sites/engsoft/vendor/illuminate/container/Container.php(586): Illuminate\Container\Container->resolve('cache.store', Array)
#11 /home/latourrette/Sites/engsoft/vendor/laravel/lumen-framework/src/Application.php(230): Illuminate\Container\Container->make('cache.store', Array)
#12 /home/latourrette/Sites/engsoft/vendor/illuminate/container/Container.php(1195): Laravel\Lumen\Application->make('cache.store')
#13 /home/latourrette/Sites/engsoft/vendor/laravel/lumen-framework/src/Console/Kernel.php(68): Illuminate\Container\Container->offsetGet('Illuminate\\Cont...')
#14 /home/latourrette/Sites/engsoft/vendor/laravel/lumen-framework/src/Console/Kernel.php(57): Laravel\Lumen\Console\Kernel->defineConsoleSchedule()
#15 [internal function]: Laravel\Lumen\Console\Kernel->__construct(Object(Laravel\Lumen\Application))
#16 /home/latourrette/Sites/engsoft/vendor/illuminate/container/Container.php(785): ReflectionClass->newInstanceArgs(Array)
#17 /home/latourrette/Sites/engsoft/vendor/illuminate/container/Container.php(631): Illuminate\Container\Container->build('App\\Console\\Ker...')
#18 /home/latourrette/Sites/engsoft/vendor/illuminate/container/Container.php(586): Illuminate\Container\Container->resolve('App\\Console\\Ker...', Array)
#19 /home/latourrette/Sites/engsoft/vendor/laravel/lumen-framework/src/Application.php(230): Illuminate\Container\Container->make('App\\Console\\Ker...', Array)
#20 /home/latourrette/Sites/engsoft/vendor/illuminate/container/Container.php(256): Laravel\Lumen\Application->make('App\\Console\\Ker...', Array)
#21 /home/latourrette/Sites/engsoft/vendor/illuminate/container/Container.php(749): Illuminate\Container\Container->Illuminate\Container\{closure}(Object(Laravel\Lumen\Application), Array)
#22 /home/latourrette/Sites/engsoft/vendor/illuminate/container/Container.php(631): Illuminate\Container\Container->build(Object(Closure))
#23 /home/latourrette/Sites/engsoft/vendor/illuminate/container/Container.php(586): Illuminate\Container\Container->resolve('Illuminate\\Cont...', Array)
#24 /home/latourrette/Sites/engsoft/vendor/laravel/lumen-framework/src/Application.php(230): Illuminate\Container\Container->make('Illuminate\\Cont...', Array)
#25 /home/latourrette/Sites/engsoft/artisan(32): Laravel\Lumen\Application->make('Illuminate\\Cont...')
#26 {main}  
[2018-01-04 18:47:42] lumen.ERROR: Symfony\Component\Debug\Exception\FatalThrowableError: Class 'Memcached' not found in /home/latourrette/Sites/engsoft/vendor/illuminate/cache/MemcachedConnector.php:69
Stack trace:
#0 /home/latourrette/Sites/engsoft/vendor/illuminate/cache/MemcachedConnector.php(48): Illuminate\Cache\MemcachedConnector->createMemcachedInstance(NULL)
#1 /home/latourrette/Sites/engsoft/vendor/illuminate/cache/MemcachedConnector.php(21): Illuminate\Cache\MemcachedConnector->getMemcached(NULL, Array, Array)
#2 /home/latourrette/Sites/engsoft/vendor/illuminate/cache/CacheManager.php(171): Illuminate\Cache\MemcachedConnector->connect(Array, NULL, Array, Array)
#3 /home/latourrette/Sites/engsoft/vendor/illuminate/cache/CacheManager.php(105): Illuminate\Cache\CacheManager->createMemcachedDriver(Array)
#4 /home/latourrette/Sites/engsoft/vendor/illuminate/cache/CacheManager.php(80): Illuminate\Cache\CacheManager->resolve('memcached')
#5 /home/latourrette/Sites/engsoft/vendor/illuminate/cache/CacheManager.php(58): Illuminate\Cache\CacheManager->get('memcached')
#6 /home/latourrette/Sites/engsoft/vendor/illuminate/cache/CacheManager.php(69): Illuminate\Cache\CacheManager->store('memcached')
#7 /home/latourrette/Sites/engsoft/vendor/illuminate/cache/CacheServiceProvider.php(28): Illuminate\Cache\CacheManager->driver()
#8 /home/latourrette/Sites/engsoft/vendor/illuminate/container/Container.php(749): Illuminate\Cache\CacheServiceProvider->Illuminate\Cache\{closure}(Object(Laravel\Lumen\Application), Array)
#9 /home/latourrette/Sites/engsoft/vendor/illuminate/container/Container.php(631): Illuminate\Container\Container->build(Object(Closure))
#10 /home/latourrette/Sites/engsoft/vendor/illuminate/container/Container.php(586): Illuminate\Container\Container->resolve('cache.store', Array)
#11 /home/latourrette/Sites/engsoft/vendor/laravel/lumen-framework/src/Application.php(230): Illuminate\Container\Container->make('cache.store', Array)
#12 /home/latourrette/Sites/engsoft/vendor/illuminate/container/Container.php(1195): Laravel\Lumen\Application->make('cache.store')
#13 /home/latourrette/Sites/engsoft/vendor/laravel/lumen-framework/src/Console/Kernel.php(68): Illuminate\Container\Container->offsetGet('Illuminate\\Cont...')
#14 /home/latourrette/Sites/engsoft/vendor/laravel/lumen-framework/src/Console/Kernel.php(57): Laravel\Lumen\Console\Kernel->defineConsoleSchedule()
#15 [internal function]: Laravel\Lumen\Console\Kernel->__construct(Object(Laravel\Lumen\Application))
#16 /home/latourrette/Sites/engsoft/vendor/illuminate/container/Container.php(785): ReflectionClass->newInstanceArgs(Array)
#17 /home/latourrette/Sites/engsoft/vendor/illuminate/container/Container.php(631): Illuminate\Container\Container->build('App\\Console\\Ker...')
#18 /home/latourrette/Sites/engsoft/vendor/illuminate/container/Container.php(586): Illuminate\Container\Container->resolve('App\\Console\\Ker...', Array)
#19 /home/latourrette/Sites/engsoft/vendor/laravel/lumen-framework/src/Application.php(230): Illuminate\Container\Container->make('App\\Console\\Ker...', Array)
#20 /home/latourrette/Sites/engsoft/vendor/illuminate/container/Container.php(256): Laravel\Lumen\Application->make('App\\Console\\Ker...', Array)
#21 /home/latourrette/Sites/engsoft/vendor/illuminate/container/Container.php(749): Illuminate\Container\Container->Illuminate\Container\{closure}(Object(Laravel\Lumen\Application), Array)
#22 /home/latourrette/Sites/engsoft/vendor/illuminate/container/Container.php(631): Illuminate\Container\Container->build(Object(Closure))
#23 /home/latourrette/Sites/engsoft/vendor/illuminate/container/Container.php(586): Illuminate\Container\Container->resolve('Illuminate\\Cont...', Array)
#24 /home/latourrette/Sites/engsoft/vendor/laravel/lumen-framework/src/Application.php(230): Illuminate\Container\Container->make('Illuminate\\Cont...', Array)
#25 /home/latourrette/Sites/engsoft/artisan(32): Laravel\Lumen\Application->make('Illuminate\\Cont...')
#26 {main}  
[2018-01-04 18:47:43] lumen.ERROR: Symfony\Component\Debug\Exception\FatalThrowableError: Class 'Memcached' not found in /home/latourrette/Sites/engsoft/vendor/illuminate/cache/MemcachedConnector.php:69
Stack trace:
#0 /home/latourrette/Sites/engsoft/vendor/illuminate/cache/MemcachedConnector.php(48): Illuminate\Cache\MemcachedConnector->createMemcachedInstance(NULL)
#1 /home/latourrette/Sites/engsoft/vendor/illuminate/cache/MemcachedConnector.php(21): Illuminate\Cache\MemcachedConnector->getMemcached(NULL, Array, Array)
#2 /home/latourrette/Sites/engsoft/vendor/illuminate/cache/CacheManager.php(171): Illuminate\Cache\MemcachedConnector->connect(Array, NULL, Array, Array)
#3 /home/latourrette/Sites/engsoft/vendor/illuminate/cache/CacheManager.php(105): Illuminate\Cache\CacheManager->createMemcachedDriver(Array)
#4 /home/latourrette/Sites/engsoft/vendor/illuminate/cache/CacheManager.php(80): Illuminate\Cache\CacheManager->resolve('memcached')
#5 /home/latourrette/Sites/engsoft/vendor/illuminate/cache/CacheManager.php(58): Illuminate\Cache\CacheManager->get('memcached')
#6 /home/latourrette/Sites/engsoft/vendor/illuminate/cache/CacheManager.php(69): Illuminate\Cache\CacheManager->store('memcached')
#7 /home/latourrette/Sites/engsoft/vendor/illuminate/cache/CacheServiceProvider.php(28): Illuminate\Cache\CacheManager->driver()
#8 /home/latourrette/Sites/engsoft/vendor/illuminate/container/Container.php(749): Illuminate\Cache\CacheServiceProvider->Illuminate\Cache\{closure}(Object(Laravel\Lumen\Application), Array)
#9 /home/latourrette/Sites/engsoft/vendor/illuminate/container/Container.php(631): Illuminate\Container\Container->build(Object(Closure))
#10 /home/latourrette/Sites/engsoft/vendor/illuminate/container/Container.php(586): Illuminate\Container\Container->resolve('cache.store', Array)
#11 /home/latourrette/Sites/engsoft/vendor/laravel/lumen-framework/src/Application.php(230): Illuminate\Container\Container->make('cache.store', Array)
#12 /home/latourrette/Sites/engsoft/vendor/illuminate/container/Container.php(1195): Laravel\Lumen\Application->make('cache.store')
#13 /home/latourrette/Sites/engsoft/vendor/laravel/lumen-framework/src/Console/Kernel.php(68): Illuminate\Container\Container->offsetGet('Illuminate\\Cont...')
#14 /home/latourrette/Sites/engsoft/vendor/laravel/lumen-framework/src/Console/Kernel.php(57): Laravel\Lumen\Console\Kernel->defineConsoleSchedule()
#15 [internal function]: Laravel\Lumen\Console\Kernel->__construct(Object(Laravel\Lumen\Application))
#16 /home/latourrette/Sites/engsoft/vendor/illuminate/container/Container.php(785): ReflectionClass->newInstanceArgs(Array)
#17 /home/latourrette/Sites/engsoft/vendor/illuminate/container/Container.php(631): Illuminate\Container\Container->build('App\\Console\\Ker...')
#18 /home/latourrette/Sites/engsoft/vendor/illuminate/container/Container.php(586): Illuminate\Container\Container->resolve('App\\Console\\Ker...', Array)
#19 /home/latourrette/Sites/engsoft/vendor/laravel/lumen-framework/src/Application.php(230): Illuminate\Container\Container->make('App\\Console\\Ker...', Array)
#20 /home/latourrette/Sites/engsoft/vendor/illuminate/container/Container.php(256): Laravel\Lumen\Application->make('App\\Console\\Ker...', Array)
#21 /home/latourrette/Sites/engsoft/vendor/illuminate/container/Container.php(749): Illuminate\Container\Container->Illuminate\Container\{closure}(Object(Laravel\Lumen\Application), Array)
#22 /home/latourrette/Sites/engsoft/vendor/illuminate/container/Container.php(631): Illuminate\Container\Container->build(Object(Closure))
#23 /home/latourrette/Sites/engsoft/vendor/illuminate/container/Container.php(586): Illuminate\Container\Container->resolve('Illuminate\\Cont...', Array)
#24 /home/latourrette/Sites/engsoft/vendor/laravel/lumen-framework/src/Application.php(230): Illuminate\Container\Container->make('Illuminate\\Cont...', Array)
#25 /home/latourrette/Sites/engsoft/artisan(32): Laravel\Lumen\Application->make('Illuminate\\Cont...')
#26 {main}  
[2018-01-04 18:49:27] lumen.ERROR: Symfony\Component\Debug\Exception\FatalThrowableError: Class 'Memcached' not found in /home/latourrette/Sites/engsoft/vendor/illuminate/cache/MemcachedConnector.php:69
Stack trace:
#0 /home/latourrette/Sites/engsoft/vendor/illuminate/cache/MemcachedConnector.php(48): Illuminate\Cache\MemcachedConnector->createMemcachedInstance(NULL)
#1 /home/latourrette/Sites/engsoft/vendor/illuminate/cache/MemcachedConnector.php(21): Illuminate\Cache\MemcachedConnector->getMemcached(NULL, Array, Array)
#2 /home/latourrette/Sites/engsoft/vendor/illuminate/cache/CacheManager.php(171): Illuminate\Cache\MemcachedConnector->connect(Array, NULL, Array, Array)
#3 /home/latourrette/Sites/engsoft/vendor/illuminate/cache/CacheManager.php(105): Illuminate\Cache\CacheManager->createMemcachedDriver(Array)
#4 /home/latourrette/Sites/engsoft/vendor/illuminate/cache/CacheManager.php(80): Illuminate\Cache\CacheManager->resolve('memcached')
#5 /home/latourrette/Sites/engsoft/vendor/illuminate/cache/CacheManager.php(58): Illuminate\Cache\CacheManager->get('memcached')
#6 /home/latourrette/Sites/engsoft/vendor/illuminate/cache/CacheManager.php(69): Illuminate\Cache\CacheManager->store('memcached')
#7 /home/latourrette/Sites/engsoft/vendor/illuminate/cache/CacheServiceProvider.php(28): Illuminate\Cache\CacheManager->driver()
#8 /home/latourrette/Sites/engsoft/vendor/illuminate/container/Container.php(749): Illuminate\Cache\CacheServiceProvider->Illuminate\Cache\{closure}(Object(Laravel\Lumen\Application), Array)
#9 /home/latourrette/Sites/engsoft/vendor/illuminate/container/Container.php(631): Illuminate\Container\Container->build(Object(Closure))
#10 /home/latourrette/Sites/engsoft/vendor/illuminate/container/Container.php(586): Illuminate\Container\Container->resolve('cache.store', Array)
#11 /home/latourrette/Sites/engsoft/vendor/laravel/lumen-framework/src/Application.php(230): Illuminate\Container\Container->make('cache.store', Array)
#12 /home/latourrette/Sites/engsoft/vendor/illuminate/container/Container.php(1195): Laravel\Lumen\Application->make('cache.store')
#13 /home/latourrette/Sites/engsoft/vendor/laravel/lumen-framework/src/Console/Kernel.php(68): Illuminate\Container\Container->offsetGet('Illuminate\\Cont...')
#14 /home/latourrette/Sites/engsoft/vendor/laravel/lumen-framework/src/Console/Kernel.php(57): Laravel\Lumen\Console\Kernel->defineConsoleSchedule()
#15 [internal function]: Laravel\Lumen\Console\Kernel->__construct(Object(Laravel\Lumen\Application))
#16 /home/latourrette/Sites/engsoft/vendor/illuminate/container/Container.php(785): ReflectionClass->newInstanceArgs(Array)
#17 /home/latourrette/Sites/engsoft/vendor/illuminate/container/Container.php(631): Illuminate\Container\Container->build('App\\Console\\Ker...')
#18 /home/latourrette/Sites/engsoft/vendor/illuminate/container/Container.php(586): Illuminate\Container\Container->resolve('App\\Console\\Ker...', Array)
#19 /home/latourrette/Sites/engsoft/vendor/laravel/lumen-framework/src/Application.php(230): Illuminate\Container\Container->make('App\\Console\\Ker...', Array)
#20 /home/latourrette/Sites/engsoft/vendor/illuminate/container/Container.php(256): Laravel\Lumen\Application->make('App\\Console\\Ker...', Array)
#21 /home/latourrette/Sites/engsoft/vendor/illuminate/container/Container.php(749): Illuminate\Container\Container->Illuminate\Container\{closure}(Object(Laravel\Lumen\Application), Array)
#22 /home/latourrette/Sites/engsoft/vendor/illuminate/container/Container.php(631): Illuminate\Container\Container->build(Object(Closure))
#23 /home/latourrette/Sites/engsoft/vendor/illuminate/container/Container.php(586): Illuminate\Container\Container->resolve('Illuminate\\Cont...', Array)
#24 /home/latourrette/Sites/engsoft/vendor/laravel/lumen-framework/src/Application.php(230): Illuminate\Container\Container->make('Illuminate\\Cont...', Array)
#25 /home/latourrette/Sites/engsoft/artisan(32): Laravel\Lumen\Application->make('Illuminate\\Cont...')
#26 {main}  
[2018-01-04 18:49:37] lumen.ERROR: Symfony\Component\Debug\Exception\FatalThrowableError: Class 'Memcached' not found in /home/latourrette/Sites/engsoft/vendor/illuminate/cache/MemcachedConnector.php:69
Stack trace:
#0 /home/latourrette/Sites/engsoft/vendor/illuminate/cache/MemcachedConnector.php(48): Illuminate\Cache\MemcachedConnector->createMemcachedInstance(NULL)
#1 /home/latourrette/Sites/engsoft/vendor/illuminate/cache/MemcachedConnector.php(21): Illuminate\Cache\MemcachedConnector->getMemcached(NULL, Array, Array)
#2 /home/latourrette/Sites/engsoft/vendor/illuminate/cache/CacheManager.php(171): Illuminate\Cache\MemcachedConnector->connect(Array, NULL, Array, Array)
#3 /home/latourrette/Sites/engsoft/vendor/illuminate/cache/CacheManager.php(105): Illuminate\Cache\CacheManager->createMemcachedDriver(Array)
#4 /home/latourrette/Sites/engsoft/vendor/illuminate/cache/CacheManager.php(80): Illuminate\Cache\CacheManager->resolve('memcached')
#5 /home/latourrette/Sites/engsoft/vendor/illuminate/cache/CacheManager.php(58): Illuminate\Cache\CacheManager->get('memcached')
#6 /home/latourrette/Sites/engsoft/vendor/illuminate/cache/CacheManager.php(69): Illuminate\Cache\CacheManager->store('memcached')
#7 /home/latourrette/Sites/engsoft/vendor/illuminate/cache/CacheServiceProvider.php(28): Illuminate\Cache\CacheManager->driver()
#8 /home/latourrette/Sites/engsoft/vendor/illuminate/container/Container.php(749): Illuminate\Cache\CacheServiceProvider->Illuminate\Cache\{closure}(Object(Laravel\Lumen\Application), Array)
#9 /home/latourrette/Sites/engsoft/vendor/illuminate/container/Container.php(631): Illuminate\Container\Container->build(Object(Closure))
#10 /home/latourrette/Sites/engsoft/vendor/illuminate/container/Container.php(586): Illuminate\Container\Container->resolve('cache.store', Array)
#11 /home/latourrette/Sites/engsoft/vendor/laravel/lumen-framework/src/Application.php(230): Illuminate\Container\Container->make('cache.store', Array)
#12 /home/latourrette/Sites/engsoft/vendor/illuminate/container/Container.php(1195): Laravel\Lumen\Application->make('cache.store')
#13 /home/latourrette/Sites/engsoft/vendor/laravel/lumen-framework/src/Console/Kernel.php(68): Illuminate\Container\Container->offsetGet('Illuminate\\Cont...')
#14 /home/latourrette/Sites/engsoft/vendor/laravel/lumen-framework/src/Console/Kernel.php(57): Laravel\Lumen\Console\Kernel->defineConsoleSchedule()
#15 [internal function]: Laravel\Lumen\Console\Kernel->__construct(Object(Laravel\Lumen\Application))
#16 /home/latourrette/Sites/engsoft/vendor/illuminate/container/Container.php(785): ReflectionClass->newInstanceArgs(Array)
#17 /home/latourrette/Sites/engsoft/vendor/illuminate/container/Container.php(631): Illuminate\Container\Container->build('App\\Console\\Ker...')
#18 /home/latourrette/Sites/engsoft/vendor/illuminate/container/Container.php(586): Illuminate\Container\Container->resolve('App\\Console\\Ker...', Array)
#19 /home/latourrette/Sites/engsoft/vendor/laravel/lumen-framework/src/Application.php(230): Illuminate\Container\Container->make('App\\Console\\Ker...', Array)
#20 /home/latourrette/Sites/engsoft/vendor/illuminate/container/Container.php(256): Laravel\Lumen\Application->make('App\\Console\\Ker...', Array)
#21 /home/latourrette/Sites/engsoft/vendor/illuminate/container/Container.php(749): Illuminate\Container\Container->Illuminate\Container\{closure}(Object(Laravel\Lumen\Application), Array)
#22 /home/latourrette/Sites/engsoft/vendor/illuminate/container/Container.php(631): Illuminate\Container\Container->build(Object(Closure))
#23 /home/latourrette/Sites/engsoft/vendor/illuminate/container/Container.php(586): Illuminate\Container\Container->resolve('Illuminate\\Cont...', Array)
#24 /home/latourrette/Sites/engsoft/vendor/laravel/lumen-framework/src/Application.php(230): Illuminate\Container\Container->make('Illuminate\\Cont...', Array)
#25 /home/latourrette/Sites/engsoft/artisan(32): Laravel\Lumen\Application->make('Illuminate\\Cont...')
#26 {main}  
[2018-01-04 18:49:54] lumen.ERROR: Symfony\Component\Debug\Exception\FatalThrowableError: Class 'Memcached' not found in /home/latourrette/Sites/engsoft/vendor/illuminate/cache/MemcachedConnector.php:69
Stack trace:
#0 /home/latourrette/Sites/engsoft/vendor/illuminate/cache/MemcachedConnector.php(48): Illuminate\Cache\MemcachedConnector->createMemcachedInstance(NULL)
#1 /home/latourrette/Sites/engsoft/vendor/illuminate/cache/MemcachedConnector.php(21): Illuminate\Cache\MemcachedConnector->getMemcached(NULL, Array, Array)
#2 /home/latourrette/Sites/engsoft/vendor/illuminate/cache/CacheManager.php(171): Illuminate\Cache\MemcachedConnector->connect(Array, NULL, Array, Array)
#3 /home/latourrette/Sites/engsoft/vendor/illuminate/cache/CacheManager.php(105): Illuminate\Cache\CacheManager->createMemcachedDriver(Array)
#4 /home/latourrette/Sites/engsoft/vendor/illuminate/cache/CacheManager.php(80): Illuminate\Cache\CacheManager->resolve('memcached')
#5 /home/latourrette/Sites/engsoft/vendor/illuminate/cache/CacheManager.php(58): Illuminate\Cache\CacheManager->get('memcached')
#6 /home/latourrette/Sites/engsoft/vendor/illuminate/cache/CacheManager.php(69): Illuminate\Cache\CacheManager->store('memcached')
#7 /home/latourrette/Sites/engsoft/vendor/illuminate/cache/CacheServiceProvider.php(28): Illuminate\Cache\CacheManager->driver()
#8 /home/latourrette/Sites/engsoft/vendor/illuminate/container/Container.php(749): Illuminate\Cache\CacheServiceProvider->Illuminate\Cache\{closure}(Object(Laravel\Lumen\Application), Array)
#9 /home/latourrette/Sites/engsoft/vendor/illuminate/container/Container.php(631): Illuminate\Container\Container->build(Object(Closure))
#10 /home/latourrette/Sites/engsoft/vendor/illuminate/container/Container.php(586): Illuminate\Container\Container->resolve('cache.store', Array)
#11 /home/latourrette/Sites/engsoft/vendor/laravel/lumen-framework/src/Application.php(230): Illuminate\Container\Container->make('cache.store', Array)
#12 /home/latourrette/Sites/engsoft/vendor/illuminate/container/Container.php(1195): Laravel\Lumen\Application->make('cache.store')
#13 /home/latourrette/Sites/engsoft/vendor/laravel/lumen-framework/src/Console/Kernel.php(68): Illuminate\Container\Container->offsetGet('Illuminate\\Cont...')
#14 /home/latourrette/Sites/engsoft/vendor/laravel/lumen-framework/src/Console/Kernel.php(57): Laravel\Lumen\Console\Kernel->defineConsoleSchedule()
#15 [internal function]: Laravel\Lumen\Console\Kernel->__construct(Object(Laravel\Lumen\Application))
#16 /home/latourrette/Sites/engsoft/vendor/illuminate/container/Container.php(785): ReflectionClass->newInstanceArgs(Array)
#17 /home/latourrette/Sites/engsoft/vendor/illuminate/container/Container.php(631): Illuminate\Container\Container->build('App\\Console\\Ker...')
#18 /home/latourrette/Sites/engsoft/vendor/illuminate/container/Container.php(586): Illuminate\Container\Container->resolve('App\\Console\\Ker...', Array)
#19 /home/latourrette/Sites/engsoft/vendor/laravel/lumen-framework/src/Application.php(230): Illuminate\Container\Container->make('App\\Console\\Ker...', Array)
#20 /home/latourrette/Sites/engsoft/vendor/illuminate/container/Container.php(256): Laravel\Lumen\Application->make('App\\Console\\Ker...', Array)
#21 /home/latourrette/Sites/engsoft/vendor/illuminate/container/Container.php(749): Illuminate\Container\Container->Illuminate\Container\{closure}(Object(Laravel\Lumen\Application), Array)
#22 /home/latourrette/Sites/engsoft/vendor/illuminate/container/Container.php(631): Illuminate\Container\Container->build(Object(Closure))
#23 /home/latourrette/Sites/engsoft/vendor/illuminate/container/Container.php(586): Illuminate\Container\Container->resolve('Illuminate\\Cont...', Array)
#24 /home/latourrette/Sites/engsoft/vendor/laravel/lumen-framework/src/Application.php(230): Illuminate\Container\Container->make('Illuminate\\Cont...', Array)
#25 /home/latourrette/Sites/engsoft/artisan(32): Laravel\Lumen\Application->make('Illuminate\\Cont...')
#26 {main}  
[2018-01-04 18:57:01] lumen.ERROR: PDOException: could not find driver in /home/latourrette/Sites/engsoft/vendor/illuminate/database/Connectors/Connector.php:67
Stack trace:
#0 /home/latourrette/Sites/engsoft/vendor/illuminate/database/Connectors/Connector.php(67): PDO->__construct('mysql:host=127....', 'root', '', Array)
#1 /home/latourrette/Sites/engsoft/vendor/illuminate/database/Connectors/Connector.php(43): Illuminate\Database\Connectors\Connector->createPdoConnection('mysql:host=127....', 'root', '', Array)
#2 /home/latourrette/Sites/engsoft/vendor/illuminate/database/Connectors/MySqlConnector.php(24): Illuminate\Database\Connectors\Connector->createConnection('mysql:host=127....', Array, Array)
#3 /home/latourrette/Sites/engsoft/vendor/illuminate/database/Connectors/ConnectionFactory.php(183): Illuminate\Database\Connectors\MySqlConnector->connect(Array)
#4 [internal function]: Illuminate\Database\Connectors\ConnectionFactory->Illuminate\Database\Connectors\{closure}()
#5 /home/latourrette/Sites/engsoft/vendor/illuminate/database/Connection.php(915): call_user_func(Object(Closure))
#6 /home/latourrette/Sites/engsoft/vendor/illuminate/database/Connection.php(940): Illuminate\Database\Connection->getPdo()
#7 /home/latourrette/Sites/engsoft/vendor/illuminate/database/Connection.php(399): Illuminate\Database\Connection->getReadPdo()
#8 /home/latourrette/Sites/engsoft/vendor/illuminate/database/Connection.php(325): Illuminate\Database\Connection->getPdoForSelect(true)
#9 /home/latourrette/Sites/engsoft/vendor/illuminate/database/Connection.php(657): Illuminate\Database\Connection->Illuminate\Database\{closure}('select * from i...', Array)
#10 /home/latourrette/Sites/engsoft/vendor/illuminate/database/Connection.php(624): Illuminate\Database\Connection->runQueryCallback('select * from i...', Array, Object(Closure))
#11 /home/latourrette/Sites/engsoft/vendor/illuminate/database/Connection.php(333): Illuminate\Database\Connection->run('select * from i...', Array, Object(Closure))
#12 /home/latourrette/Sites/engsoft/vendor/illuminate/database/Schema/MySqlBuilder.php(18): Illuminate\Database\Connection->select('select * from i...', Array)
#13 /home/latourrette/Sites/engsoft/vendor/illuminate/database/Migrations/DatabaseMigrationRepository.php(156): Illuminate\Database\Schema\MySqlBuilder->hasTable('migrations')
#14 /home/latourrette/Sites/engsoft/vendor/illuminate/database/Migrations/Migrator.php(544): Illuminate\Database\Migrations\DatabaseMigrationRepository->repositoryExists()
#15 /home/latourrette/Sites/engsoft/vendor/illuminate/database/Console/Migrations/MigrateCommand.php(96): Illuminate\Database\Migrations\Migrator->repositoryExists()
#16 /home/latourrette/Sites/engsoft/vendor/illuminate/database/Console/Migrations/MigrateCommand.php(62): Illuminate\Database\Console\Migrations\MigrateCommand->prepareDatabase()
#17 [internal function]: Illuminate\Database\Console\Migrations\MigrateCommand->handle()
#18 /home/latourrette/Sites/engsoft/vendor/illuminate/container/BoundMethod.php(29): call_user_func_array(Array, Array)
#19 /home/latourrette/Sites/engsoft/vendor/illuminate/container/BoundMethod.php(87): Illuminate\Container\BoundMethod::Illuminate\Container\{closure}()
#20 /home/latourrette/Sites/engsoft/vendor/illuminate/container/BoundMethod.php(31): Illuminate\Container\BoundMethod::callBoundMethod(Object(Laravel\Lumen\Application), Array, Object(Closure))
#21 /home/latourrette/Sites/engsoft/vendor/illuminate/container/Container.php(549): Illuminate\Container\BoundMethod::call(Object(Laravel\Lumen\Application), Array, Array, NULL)
#22 /home/latourrette/Sites/engsoft/vendor/illuminate/console/Command.php(183): Illuminate\Container\Container->call(Array)
#23 /home/latourrette/Sites/engsoft/vendor/symfony/console/Command/Command.php(252): Illuminate\Console\Command->execute(Object(Symfony\Component\Console\Input\ArgvInput), Object(Illuminate\Console\OutputStyle))
#24 /home/latourrette/Sites/engsoft/vendor/illuminate/console/Command.php(170): Symfony\Component\Console\Command\Command->run(Object(Symfony\Component\Console\Input\ArgvInput), Object(Illuminate\Console\OutputStyle))
#25 /home/latourrette/Sites/engsoft/vendor/symfony/console/Application.php(936): Illuminate\Console\Command->run(Object(Symfony\Component\Console\Input\ArgvInput), Object(Symfony\Component\Console\Output\ConsoleOutput))
#26 /home/latourrette/Sites/engsoft/vendor/symfony/console/Application.php(240): Symfony\Component\Console\Application->doRunCommand(Object(Illuminate\Database\Console\Migrations\MigrateCommand), Object(Symfony\Component\Console\Input\ArgvInput), Object(Symfony\Component\Console\Output\ConsoleOutput))
#27 /home/latourrette/Sites/engsoft/vendor/symfony/console/Application.php(148): Symfony\Component\Console\Application->doRun(Object(Symfony\Component\Console\Input\ArgvInput), Object(Symfony\Component\Console\Output\ConsoleOutput))
#28 /home/latourrette/Sites/engsoft/vendor/illuminate/console/Application.php(88): Symfony\Component\Console\Application->run(Object(Symfony\Component\Console\Input\ArgvInput), Object(Symfony\Component\Console\Output\ConsoleOutput))
#29 /home/latourrette/Sites/engsoft/vendor/laravel/lumen-framework/src/Console/Kernel.php(84): Illuminate\Console\Application->run(Object(Symfony\Component\Console\Input\ArgvInput), Object(Symfony\Component\Console\Output\ConsoleOutput))
#30 /home/latourrette/Sites/engsoft/artisan(35): Laravel\Lumen\Console\Kernel->handle(Object(Symfony\Component\Console\Input\ArgvInput), Object(Symfony\Component\Console\Output\ConsoleOutput))
#31 {main}  
[2018-01-04 18:57:01] lumen.ERROR: PDOException: could not find driver in /home/latourrette/Sites/engsoft/vendor/illuminate/database/Connectors/Connector.php:67
Stack trace:
#0 /home/latourrette/Sites/engsoft/vendor/illuminate/database/Connectors/Connector.php(67): PDO->__construct('mysql:host=127....', 'root', '', Array)
#1 /home/latourrette/Sites/engsoft/vendor/illuminate/database/Connectors/Connector.php(43): Illuminate\Database\Connectors\Connector->createPdoConnection('mysql:host=127....', 'root', '', Array)
#2 /home/latourrette/Sites/engsoft/vendor/illuminate/database/Connectors/MySqlConnector.php(24): Illuminate\Database\Connectors\Connector->createConnection('mysql:host=127....', Array, Array)
#3 /home/latourrette/Sites/engsoft/vendor/illuminate/database/Connectors/ConnectionFactory.php(183): Illuminate\Database\Connectors\MySqlConnector->connect(Array)
#4 [internal function]: Illuminate\Database\Connectors\ConnectionFactory->Illuminate\Database\Connectors\{closure}()
#5 /home/latourrette/Sites/engsoft/vendor/illuminate/database/Connection.php(915): call_user_func(Object(Closure))
#6 /home/latourrette/Sites/engsoft/vendor/illuminate/database/Connection.php(940): Illuminate\Database\Connection->getPdo()
#7 /home/latourrette/Sites/engsoft/vendor/illuminate/database/Connection.php(399): Illuminate\Database\Connection->getReadPdo()
#8 /home/latourrette/Sites/engsoft/vendor/illuminate/database/Connection.php(325): Illuminate\Database\Connection->getPdoForSelect(true)
#9 /home/latourrette/Sites/engsoft/vendor/illuminate/database/Connection.php(657): Illuminate\Database\Connection->Illuminate\Database\{closure}('select * from i...', Array)
#10 /home/latourrette/Sites/engsoft/vendor/illuminate/database/Connection.php(624): Illuminate\Database\Connection->runQueryCallback('select * from i...', Array, Object(Closure))
#11 /home/latourrette/Sites/engsoft/vendor/illuminate/database/Connection.php(333): Illuminate\Database\Connection->run('select * from i...', Array, Object(Closure))
#12 /home/latourrette/Sites/engsoft/vendor/illuminate/database/Schema/MySqlBuilder.php(18): Illuminate\Database\Connection->select('select * from i...', Array)
#13 /home/latourrette/Sites/engsoft/vendor/illuminate/database/Migrations/DatabaseMigrationRepository.php(156): Illuminate\Database\Schema\MySqlBuilder->hasTable('migrations')
#14 /home/latourrette/Sites/engsoft/vendor/illuminate/database/Migrations/Migrator.php(544): Illuminate\Database\Migrations\DatabaseMigrationRepository->repositoryExists()
#15 /home/latourrette/Sites/engsoft/vendor/illuminate/database/Console/Migrations/MigrateCommand.php(96): Illuminate\Database\Migrations\Migrator->repositoryExists()
#16 /home/latourrette/Sites/engsoft/vendor/illuminate/database/Console/Migrations/MigrateCommand.php(62): Illuminate\Database\Console\Migrations\MigrateCommand->prepareDatabase()
#17 [internal function]: Illuminate\Database\Console\Migrations\MigrateCommand->handle()
#18 /home/latourrette/Sites/engsoft/vendor/illuminate/container/BoundMethod.php(29): call_user_func_array(Array, Array)
#19 /home/latourrette/Sites/engsoft/vendor/illuminate/container/BoundMethod.php(87): Illuminate\Container\BoundMethod::Illuminate\Container\{closure}()
#20 /home/latourrette/Sites/engsoft/vendor/illuminate/container/BoundMethod.php(31): Illuminate\Container\BoundMethod::callBoundMethod(Object(Laravel\Lumen\Application), Array, Object(Closure))
#21 /home/latourrette/Sites/engsoft/vendor/illuminate/container/Container.php(549): Illuminate\Container\BoundMethod::call(Object(Laravel\Lumen\Application), Array, Array, NULL)
#22 /home/latourrette/Sites/engsoft/vendor/illuminate/console/Command.php(183): Illuminate\Container\Container->call(Array)
#23 /home/latourrette/Sites/engsoft/vendor/symfony/console/Command/Command.php(252): Illuminate\Console\Command->execute(Object(Symfony\Component\Console\Input\ArgvInput), Object(Illuminate\Console\OutputStyle))
#24 /home/latourrette/Sites/engsoft/vendor/illuminate/console/Command.php(170): Symfony\Component\Console\Command\Command->run(Object(Symfony\Component\Console\Input\ArgvInput), Object(Illuminate\Console\OutputStyle))
#25 /home/latourrette/Sites/engsoft/vendor/symfony/console/Application.php(936): Illuminate\Console\Command->run(Object(Symfony\Component\Console\Input\ArgvInput), Object(Symfony\Component\Console\Output\ConsoleOutput))
#26 /home/latourrette/Sites/engsoft/vendor/symfony/console/Application.php(240): Symfony\Component\Console\Application->doRunCommand(Object(Illuminate\Database\Console\Migrations\MigrateCommand), Object(Symfony\Component\Console\Input\ArgvInput), Object(Symfony\Component\Console\Output\ConsoleOutput))
#27 /home/latourrette/Sites/engsoft/vendor/symfony/console/Application.php(148): Symfony\Component\Console\Application->doRun(Object(Symfony\Component\Console\Input\ArgvInput), Object(Symfony\Component\Console\Output\ConsoleOutput))
#28 /home/latourrette/Sites/engsoft/vendor/illuminate/console/Application.php(88): Symfony\Component\Console\Application->run(Object(Symfony\Component\Console\Input\ArgvInput), Object(Symfony\Component\Console\Output\ConsoleOutput))
#29 /home/latourrette/Sites/engsoft/vendor/laravel/lumen-framework/src/Console/Kernel.php(84): Illuminate\Console\Application->run(Object(Symfony\Component\Console\Input\ArgvInput), Object(Symfony\Component\Console\Output\ConsoleOutput))
#30 /home/latourrette/Sites/engsoft/artisan(35): Laravel\Lumen\Console\Kernel->handle(Object(Symfony\Component\Console\Input\ArgvInput), Object(Symfony\Component\Console\Output\ConsoleOutput))
#31 {main}

Next Illuminate\Database\QueryException: could not find driver (SQL: select * from information_schema.tables where table_schema = restaurantapp and table_name = migrations) in /home/latourrette/Sites/engsoft/vendor/illuminate/database/Connection.php:664
Stack trace:
#0 /home/latourrette/Sites/engsoft/vendor/illuminate/database/Connection.php(624): Illuminate\Database\Connection->runQueryCallback('select * from i...', Array, Object(Closure))
#1 /home/latourrette/Sites/engsoft/vendor/illuminate/database/Connection.php(333): Illuminate\Database\Connection->run('select * from i...', Array, Object(Closure))
#2 /home/latourrette/Sites/engsoft/vendor/illuminate/database/Schema/MySqlBuilder.php(18): Illuminate\Database\Connection->select('select * from i...', Array)
#3 /home/latourrette/Sites/engsoft/vendor/illuminate/database/Migrations/DatabaseMigrationRepository.php(156): Illuminate\Database\Schema\MySqlBuilder->hasTable('migrations')
#4 /home/latourrette/Sites/engsoft/vendor/illuminate/database/Migrations/Migrator.php(544): Illuminate\Database\Migrations\DatabaseMigrationRepository->repositoryExists()
#5 /home/latourrette/Sites/engsoft/vendor/illuminate/database/Console/Migrations/MigrateCommand.php(96): Illuminate\Database\Migrations\Migrator->repositoryExists()
#6 /home/latourrette/Sites/engsoft/vendor/illuminate/database/Console/Migrations/MigrateCommand.php(62): Illuminate\Database\Console\Migrations\MigrateCommand->prepareDatabase()
#7 [internal function]: Illuminate\Database\Console\Migrations\MigrateCommand->handle()
#8 /home/latourrette/Sites/engsoft/vendor/illuminate/container/BoundMethod.php(29): call_user_func_array(Array, Array)
#9 /home/latourrette/Sites/engsoft/vendor/illuminate/container/BoundMethod.php(87): Illuminate\Container\BoundMethod::Illuminate\Container\{closure}()
#10 /home/latourrette/Sites/engsoft/vendor/illuminate/container/BoundMethod.php(31): Illuminate\Container\BoundMethod::callBoundMethod(Object(Laravel\Lumen\Application), Array, Object(Closure))
#11 /home/latourrette/Sites/engsoft/vendor/illuminate/container/Container.php(549): Illuminate\Container\BoundMethod::call(Object(Laravel\Lumen\Application), Array, Array, NULL)
#12 /home/latourrette/Sites/engsoft/vendor/illuminate/console/Command.php(183): Illuminate\Container\Container->call(Array)
#13 /home/latourrette/Sites/engsoft/vendor/symfony/console/Command/Command.php(252): Illuminate\Console\Command->execute(Object(Symfony\Component\Console\Input\ArgvInput), Object(Illuminate\Console\OutputStyle))
#14 /home/latourrette/Sites/engsoft/vendor/illuminate/console/Command.php(170): Symfony\Component\Console\Command\Command->run(Object(Symfony\Component\Console\Input\ArgvInput), Object(Illuminate\Console\OutputStyle))
#15 /home/latourrette/Sites/engsoft/vendor/symfony/console/Application.php(936): Illuminate\Console\Command->run(Object(Symfony\Component\Console\Input\ArgvInput), Object(Symfony\Component\Console\Output\ConsoleOutput))
#16 /home/latourrette/Sites/engsoft/vendor/symfony/console/Application.php(240): Symfony\Component\Console\Application->doRunCommand(Object(Illuminate\Database\Console\Migrations\MigrateCommand), Object(Symfony\Component\Console\Input\ArgvInput), Object(Symfony\Component\Console\Output\ConsoleOutput))
#17 /home/latourrette/Sites/engsoft/vendor/symfony/console/Application.php(148): Symfony\Component\Console\Application->doRun(Object(Symfony\Component\Console\Input\ArgvInput), Object(Symfony\Component\Console\Output\ConsoleOutput))
#18 /home/latourrette/Sites/engsoft/vendor/illuminate/console/Application.php(88): Symfony\Component\Console\Application->run(Object(Symfony\Component\Console\Input\ArgvInput), Object(Symfony\Component\Console\Output\ConsoleOutput))
#19 /home/latourrette/Sites/engsoft/vendor/laravel/lumen-framework/src/Console/Kernel.php(84): Illuminate\Console\Application->run(Object(Symfony\Component\Console\Input\ArgvInput), Object(Symfony\Component\Console\Output\ConsoleOutput))
#20 /home/latourrette/Sites/engsoft/artisan(35): Laravel\Lumen\Console\Kernel->handle(Object(Symfony\Component\Console\Input\ArgvInput), Object(Symfony\Component\Console\Output\ConsoleOutput))
#21 {main}  
[2018-01-04 18:58:53] lumen.ERROR: PDOException: could not find driver in /home/latourrette/Sites/engsoft/vendor/illuminate/database/Connectors/Connector.php:67
Stack trace:
#0 /home/latourrette/Sites/engsoft/vendor/illuminate/database/Connectors/Connector.php(67): PDO->__construct('mysql:host=127....', 'root', '', Array)
#1 /home/latourrette/Sites/engsoft/vendor/illuminate/database/Connectors/Connector.php(43): Illuminate\Database\Connectors\Connector->createPdoConnection('mysql:host=127....', 'root', '', Array)
#2 /home/latourrette/Sites/engsoft/vendor/illuminate/database/Connectors/MySqlConnector.php(24): Illuminate\Database\Connectors\Connector->createConnection('mysql:host=127....', Array, Array)
#3 /home/latourrette/Sites/engsoft/vendor/illuminate/database/Connectors/ConnectionFactory.php(183): Illuminate\Database\Connectors\MySqlConnector->connect(Array)
#4 [internal function]: Illuminate\Database\Connectors\ConnectionFactory->Illuminate\Database\Connectors\{closure}()
#5 /home/latourrette/Sites/engsoft/vendor/illuminate/database/Connection.php(915): call_user_func(Object(Closure))
#6 /home/latourrette/Sites/engsoft/vendor/illuminate/database/Connection.php(940): Illuminate\Database\Connection->getPdo()
#7 /home/latourrette/Sites/engsoft/vendor/illuminate/database/Connection.php(399): Illuminate\Database\Connection->getReadPdo()
#8 /home/latourrette/Sites/engsoft/vendor/illuminate/database/Connection.php(325): Illuminate\Database\Connection->getPdoForSelect(true)
#9 /home/latourrette/Sites/engsoft/vendor/illuminate/database/Connection.php(657): Illuminate\Database\Connection->Illuminate\Database\{closure}('select * from i...', Array)
#10 /home/latourrette/Sites/engsoft/vendor/illuminate/database/Connection.php(624): Illuminate\Database\Connection->runQueryCallback('select * from i...', Array, Object(Closure))
#11 /home/latourrette/Sites/engsoft/vendor/illuminate/database/Connection.php(333): Illuminate\Database\Connection->run('select * from i...', Array, Object(Closure))
#12 /home/latourrette/Sites/engsoft/vendor/illuminate/database/Schema/MySqlBuilder.php(18): Illuminate\Database\Connection->select('select * from i...', Array)
#13 /home/latourrette/Sites/engsoft/vendor/illuminate/database/Migrations/DatabaseMigrationRepository.php(156): Illuminate\Database\Schema\MySqlBuilder->hasTable('migrations')
#14 /home/latourrette/Sites/engsoft/vendor/illuminate/database/Migrations/Migrator.php(544): Illuminate\Database\Migrations\DatabaseMigrationRepository->repositoryExists()
#15 /home/latourrette/Sites/engsoft/vendor/illuminate/database/Console/Migrations/MigrateCommand.php(96): Illuminate\Database\Migrations\Migrator->repositoryExists()
#16 /home/latourrette/Sites/engsoft/vendor/illuminate/database/Console/Migrations/MigrateCommand.php(62): Illuminate\Database\Console\Migrations\MigrateCommand->prepareDatabase()
#17 [internal function]: Illuminate\Database\Console\Migrations\MigrateCommand->handle()
#18 /home/latourrette/Sites/engsoft/vendor/illuminate/container/BoundMethod.php(29): call_user_func_array(Array, Array)
#19 /home/latourrette/Sites/engsoft/vendor/illuminate/container/BoundMethod.php(87): Illuminate\Container\BoundMethod::Illuminate\Container\{closure}()
#20 /home/latourrette/Sites/engsoft/vendor/illuminate/container/BoundMethod.php(31): Illuminate\Container\BoundMethod::callBoundMethod(Object(Laravel\Lumen\Application), Array, Object(Closure))
#21 /home/latourrette/Sites/engsoft/vendor/illuminate/container/Container.php(549): Illuminate\Container\BoundMethod::call(Object(Laravel\Lumen\Application), Array, Array, NULL)
#22 /home/latourrette/Sites/engsoft/vendor/illuminate/console/Command.php(183): Illuminate\Container\Container->call(Array)
#23 /home/latourrette/Sites/engsoft/vendor/symfony/console/Command/Command.php(252): Illuminate\Console\Command->execute(Object(Symfony\Component\Console\Input\ArgvInput), Object(Illuminate\Console\OutputStyle))
#24 /home/latourrette/Sites/engsoft/vendor/illuminate/console/Command.php(170): Symfony\Component\Console\Command\Command->run(Object(Symfony\Component\Console\Input\ArgvInput), Object(Illuminate\Console\OutputStyle))
#25 /home/latourrette/Sites/engsoft/vendor/symfony/console/Application.php(936): Illuminate\Console\Command->run(Object(Symfony\Component\Console\Input\ArgvInput), Object(Symfony\Component\Console\Output\ConsoleOutput))
#26 /home/latourrette/Sites/engsoft/vendor/symfony/console/Application.php(240): Symfony\Component\Console\Application->doRunCommand(Object(Illuminate\Database\Console\Migrations\MigrateCommand), Object(Symfony\Component\Console\Input\ArgvInput), Object(Symfony\Component\Console\Output\ConsoleOutput))
#27 /home/latourrette/Sites/engsoft/vendor/symfony/console/Application.php(148): Symfony\Component\Console\Application->doRun(Object(Symfony\Component\Console\Input\ArgvInput), Object(Symfony\Component\Console\Output\ConsoleOutput))
#28 /home/latourrette/Sites/engsoft/vendor/illuminate/console/Application.php(88): Symfony\Component\Console\Application->run(Object(Symfony\Component\Console\Input\ArgvInput), Object(Symfony\Component\Console\Output\ConsoleOutput))
#29 /home/latourrette/Sites/engsoft/vendor/laravel/lumen-framework/src/Console/Kernel.php(84): Illuminate\Console\Application->run(Object(Symfony\Component\Console\Input\ArgvInput), Object(Symfony\Component\Console\Output\ConsoleOutput))
#30 /home/latourrette/Sites/engsoft/artisan(35): Laravel\Lumen\Console\Kernel->handle(Object(Symfony\Component\Console\Input\ArgvInput), Object(Symfony\Component\Console\Output\ConsoleOutput))
#31 {main}  
[2018-01-04 18:58:53] lumen.ERROR: PDOException: could not find driver in /home/latourrette/Sites/engsoft/vendor/illuminate/database/Connectors/Connector.php:67
Stack trace:
#0 /home/latourrette/Sites/engsoft/vendor/illuminate/database/Connectors/Connector.php(67): PDO->__construct('mysql:host=127....', 'root', '', Array)
#1 /home/latourrette/Sites/engsoft/vendor/illuminate/database/Connectors/Connector.php(43): Illuminate\Database\Connectors\Connector->createPdoConnection('mysql:host=127....', 'root', '', Array)
#2 /home/latourrette/Sites/engsoft/vendor/illuminate/database/Connectors/MySqlConnector.php(24): Illuminate\Database\Connectors\Connector->createConnection('mysql:host=127....', Array, Array)
#3 /home/latourrette/Sites/engsoft/vendor/illuminate/database/Connectors/ConnectionFactory.php(183): Illuminate\Database\Connectors\MySqlConnector->connect(Array)
#4 [internal function]: Illuminate\Database\Connectors\ConnectionFactory->Illuminate\Database\Connectors\{closure}()
#5 /home/latourrette/Sites/engsoft/vendor/illuminate/database/Connection.php(915): call_user_func(Object(Closure))
#6 /home/latourrette/Sites/engsoft/vendor/illuminate/database/Connection.php(940): Illuminate\Database\Connection->getPdo()
#7 /home/latourrette/Sites/engsoft/vendor/illuminate/database/Connection.php(399): Illuminate\Database\Connection->getReadPdo()
#8 /home/latourrette/Sites/engsoft/vendor/illuminate/database/Connection.php(325): Illuminate\Database\Connection->getPdoForSelect(true)
#9 /home/latourrette/Sites/engsoft/vendor/illuminate/database/Connection.php(657): Illuminate\Database\Connection->Illuminate\Database\{closure}('select * from i...', Array)
#10 /home/latourrette/Sites/engsoft/vendor/illuminate/database/Connection.php(624): Illuminate\Database\Connection->runQueryCallback('select * from i...', Array, Object(Closure))
#11 /home/latourrette/Sites/engsoft/vendor/illuminate/database/Connection.php(333): Illuminate\Database\Connection->run('select * from i...', Array, Object(Closure))
#12 /home/latourrette/Sites/engsoft/vendor/illuminate/database/Schema/MySqlBuilder.php(18): Illuminate\Database\Connection->select('select * from i...', Array)
#13 /home/latourrette/Sites/engsoft/vendor/illuminate/database/Migrations/DatabaseMigrationRepository.php(156): Illuminate\Database\Schema\MySqlBuilder->hasTable('migrations')
#14 /home/latourrette/Sites/engsoft/vendor/illuminate/database/Migrations/Migrator.php(544): Illuminate\Database\Migrations\DatabaseMigrationRepository->repositoryExists()
#15 /home/latourrette/Sites/engsoft/vendor/illuminate/database/Console/Migrations/MigrateCommand.php(96): Illuminate\Database\Migrations\Migrator->repositoryExists()
#16 /home/latourrette/Sites/engsoft/vendor/illuminate/database/Console/Migrations/MigrateCommand.php(62): Illuminate\Database\Console\Migrations\MigrateCommand->prepareDatabase()
#17 [internal function]: Illuminate\Database\Console\Migrations\MigrateCommand->handle()
#18 /home/latourrette/Sites/engsoft/vendor/illuminate/container/BoundMethod.php(29): call_user_func_array(Array, Array)
#19 /home/latourrette/Sites/engsoft/vendor/illuminate/container/BoundMethod.php(87): Illuminate\Container\BoundMethod::Illuminate\Container\{closure}()
#20 /home/latourrette/Sites/engsoft/vendor/illuminate/container/BoundMethod.php(31): Illuminate\Container\BoundMethod::callBoundMethod(Object(Laravel\Lumen\Application), Array, Object(Closure))
#21 /home/latourrette/Sites/engsoft/vendor/illuminate/container/Container.php(549): Illuminate\Container\BoundMethod::call(Object(Laravel\Lumen\Application), Array, Array, NULL)
#22 /home/latourrette/Sites/engsoft/vendor/illuminate/console/Command.php(183): Illuminate\Container\Container->call(Array)
#23 /home/latourrette/Sites/engsoft/vendor/symfony/console/Command/Command.php(252): Illuminate\Console\Command->execute(Object(Symfony\Component\Console\Input\ArgvInput), Object(Illuminate\Console\OutputStyle))
#24 /home/latourrette/Sites/engsoft/vendor/illuminate/console/Command.php(170): Symfony\Component\Console\Command\Command->run(Object(Symfony\Component\Console\Input\ArgvInput), Object(Illuminate\Console\OutputStyle))
#25 /home/latourrette/Sites/engsoft/vendor/symfony/console/Application.php(936): Illuminate\Console\Command->run(Object(Symfony\Component\Console\Input\ArgvInput), Object(Symfony\Component\Console\Output\ConsoleOutput))
#26 /home/latourrette/Sites/engsoft/vendor/symfony/console/Application.php(240): Symfony\Component\Console\Application->doRunCommand(Object(Illuminate\Database\Console\Migrations\MigrateCommand), Object(Symfony\Component\Console\Input\ArgvInput), Object(Symfony\Component\Console\Output\ConsoleOutput))
#27 /home/latourrette/Sites/engsoft/vendor/symfony/console/Application.php(148): Symfony\Component\Console\Application->doRun(Object(Symfony\Component\Console\Input\ArgvInput), Object(Symfony\Component\Console\Output\ConsoleOutput))
#28 /home/latourrette/Sites/engsoft/vendor/illuminate/console/Application.php(88): Symfony\Component\Console\Application->run(Object(Symfony\Component\Console\Input\ArgvInput), Object(Symfony\Component\Console\Output\ConsoleOutput))
#29 /home/latourrette/Sites/engsoft/vendor/laravel/lumen-framework/src/Console/Kernel.php(84): Illuminate\Console\Application->run(Object(Symfony\Component\Console\Input\ArgvInput), Object(Symfony\Component\Console\Output\ConsoleOutput))
#30 /home/latourrette/Sites/engsoft/artisan(35): Laravel\Lumen\Console\Kernel->handle(Object(Symfony\Component\Console\Input\ArgvInput), Object(Symfony\Component\Console\Output\ConsoleOutput))
#31 {main}

Next Illuminate\Database\QueryException: could not find driver (SQL: select * from information_schema.tables where table_schema = restaurantapp and table_name = migrations) in /home/latourrette/Sites/engsoft/vendor/illuminate/database/Connection.php:664
Stack trace:
#0 /home/latourrette/Sites/engsoft/vendor/illuminate/database/Connection.php(624): Illuminate\Database\Connection->runQueryCallback('select * from i...', Array, Object(Closure))
#1 /home/latourrette/Sites/engsoft/vendor/illuminate/database/Connection.php(333): Illuminate\Database\Connection->run('select * from i...', Array, Object(Closure))
#2 /home/latourrette/Sites/engsoft/vendor/illuminate/database/Schema/MySqlBuilder.php(18): Illuminate\Database\Connection->select('select * from i...', Array)
#3 /home/latourrette/Sites/engsoft/vendor/illuminate/database/Migrations/DatabaseMigrationRepository.php(156): Illuminate\Database\Schema\MySqlBuilder->hasTable('migrations')
#4 /home/latourrette/Sites/engsoft/vendor/illuminate/database/Migrations/Migrator.php(544): Illuminate\Database\Migrations\DatabaseMigrationRepository->repositoryExists()
#5 /home/latourrette/Sites/engsoft/vendor/illuminate/database/Console/Migrations/MigrateCommand.php(96): Illuminate\Database\Migrations\Migrator->repositoryExists()
#6 /home/latourrette/Sites/engsoft/vendor/illuminate/database/Console/Migrations/MigrateCommand.php(62): Illuminate\Database\Console\Migrations\MigrateCommand->prepareDatabase()
#7 [internal function]: Illuminate\Database\Console\Migrations\MigrateCommand->handle()
#8 /home/latourrette/Sites/engsoft/vendor/illuminate/container/BoundMethod.php(29): call_user_func_array(Array, Array)
#9 /home/latourrette/Sites/engsoft/vendor/illuminate/container/BoundMethod.php(87): Illuminate\Container\BoundMethod::Illuminate\Container\{closure}()
#10 /home/latourrette/Sites/engsoft/vendor/illuminate/container/BoundMethod.php(31): Illuminate\Container\BoundMethod::callBoundMethod(Object(Laravel\Lumen\Application), Array, Object(Closure))
#11 /home/latourrette/Sites/engsoft/vendor/illuminate/container/Container.php(549): Illuminate\Container\BoundMethod::call(Object(Laravel\Lumen\Application), Array, Array, NULL)
#12 /home/latourrette/Sites/engsoft/vendor/illuminate/console/Command.php(183): Illuminate\Container\Container->call(Array)
#13 /home/latourrette/Sites/engsoft/vendor/symfony/console/Command/Command.php(252): Illuminate\Console\Command->execute(Object(Symfony\Component\Console\Input\ArgvInput), Object(Illuminate\Console\OutputStyle))
#14 /home/latourrette/Sites/engsoft/vendor/illuminate/console/Command.php(170): Symfony\Component\Console\Command\Command->run(Object(Symfony\Component\Console\Input\ArgvInput), Object(Illuminate\Console\OutputStyle))
#15 /home/latourrette/Sites/engsoft/vendor/symfony/console/Application.php(936): Illuminate\Console\Command->run(Object(Symfony\Component\Console\Input\ArgvInput), Object(Symfony\Component\Console\Output\ConsoleOutput))
#16 /home/latourrette/Sites/engsoft/vendor/symfony/console/Application.php(240): Symfony\Component\Console\Application->doRunCommand(Object(Illuminate\Database\Console\Migrations\MigrateCommand), Object(Symfony\Component\Console\Input\ArgvInput), Object(Symfony\Component\Console\Output\ConsoleOutput))
#17 /home/latourrette/Sites/engsoft/vendor/symfony/console/Application.php(148): Symfony\Component\Console\Application->doRun(Object(Symfony\Component\Console\Input\ArgvInput), Object(Symfony\Component\Console\Output\ConsoleOutput))
#18 /home/latourrette/Sites/engsoft/vendor/illuminate/console/Application.php(88): Symfony\Component\Console\Application->run(Object(Symfony\Component\Console\Input\ArgvInput), Object(Symfony\Component\Console\Output\ConsoleOutput))
#19 /home/latourrette/Sites/engsoft/vendor/laravel/lumen-framework/src/Console/Kernel.php(84): Illuminate\Console\Application->run(Object(Symfony\Component\Console\Input\ArgvInput), Object(Symfony\Component\Console\Output\ConsoleOutput))
#20 /home/latourrette/Sites/engsoft/artisan(35): Laravel\Lumen\Console\Kernel->handle(Object(Symfony\Component\Console\Input\ArgvInput), Object(Symfony\Component\Console\Output\ConsoleOutput))
#21 {main}  
